{"name":"wrongPhoneNo","status":"failed","statusDetails":{"known":false,"muted":false,"flaky":false,"message":"Assertion [ValidateEquals] FAILED. Expected [Signup successfull please login.] and Actual [Wrong Phone Number ex : 01234567890]. Comparison Type [EQUALS]. Validation Type [POSITIVE].","trace":"java.lang.AssertionError: Assertion [ValidateEquals] FAILED. Expected [Signup successfull please login.] and Actual [Wrong Phone Number ex : 01234567890]. Comparison Type [EQUALS]. Validation Type [POSITIVE].\r\n\tat org.testng.Assert.fail(Assert.java:99)\r\n\tat com.shaft.validation.ValidationHelper.reportValidationState(ValidationHelper.java:797)\r\n\tat com.shaft.validation.ValidationHelper.fail(ValidationHelper.java:557)\r\n\tat com.shaft.validation.ValidationHelper.validateEquals(ValidationHelper.java:66)\r\n\tat com.shaft.validation.Assertions.assertEquals(Assertions.java:38)\r\n\tat SignUpTest.SignUpTest.wrongPhoneNo(SignUpTest.java:34)\r\n\tat java.base/jdk.internal.reflect.NativeMethodAccessorImpl.invoke0(Native Method)\r\n\tat java.base/jdk.internal.reflect.NativeMethodAccessorImpl.invoke(NativeMethodAccessorImpl.java:64)\r\n\tat java.base/jdk.internal.reflect.DelegatingMethodAccessorImpl.invoke(DelegatingMethodAccessorImpl.java:43)\r\n\tat java.base/java.lang.reflect.Method.invoke(Method.java:564)\r\n\tat org.testng.internal.MethodInvocationHelper.invokeMethod(MethodInvocationHelper.java:133)\r\n\tat org.testng.internal.TestInvoker.invokeMethod(TestInvoker.java:598)\r\n\tat org.testng.internal.TestInvoker.invokeTestMethod(TestInvoker.java:173)\r\n\tat org.testng.internal.MethodRunner.runInSequence(MethodRunner.java:46)\r\n\tat org.testng.internal.TestInvoker$MethodInvocationAgent.invoke(TestInvoker.java:824)\r\n\tat org.testng.internal.TestInvoker.invokeTestMethods(TestInvoker.java:146)\r\n\tat org.testng.internal.TestMethodWorker.invokeTestMethods(TestMethodWorker.java:146)\r\n\tat org.testng.internal.TestMethodWorker.run(TestMethodWorker.java:128)\r\n\tat java.base/java.util.ArrayList.forEach(ArrayList.java:1511)\r\n\tat org.testng.TestRunner.privateRun(TestRunner.java:794)\r\n\tat org.testng.TestRunner.run(TestRunner.java:596)\r\n\tat org.testng.SuiteRunner.runTest(SuiteRunner.java:377)\r\n\tat org.testng.SuiteRunner.runSequentially(SuiteRunner.java:371)\r\n\tat org.testng.SuiteRunner.privateRun(SuiteRunner.java:332)\r\n\tat org.testng.SuiteRunner.run(SuiteRunner.java:276)\r\n\tat org.testng.SuiteRunnerWorker.runSuite(SuiteRunnerWorker.java:53)\r\n\tat org.testng.SuiteRunnerWorker.run(SuiteRunnerWorker.java:96)\r\n\tat org.testng.TestNG.runSuitesSequentially(TestNG.java:1212)\r\n\tat org.testng.TestNG.runSuitesLocally(TestNG.java:1134)\r\n\tat org.testng.TestNG.runSuites(TestNG.java:1063)\r\n\tat org.testng.TestNG.run(TestNG.java:1031)\r\n\tat org.testng.remote.AbstractRemoteTestNG.run(AbstractRemoteTestNG.java:115)\r\n\tat org.testng.remote.RemoteTestNG.initAndRun(RemoteTestNG.java:251)\r\n\tat org.testng.remote.RemoteTestNG.main(RemoteTestNG.java:77)\r\n"},"stage":"finished","steps":[{"name":"Element Action [Type] successfully performed. With the following test data [Omar].","status":"passed","stage":"finished","steps":[],"attachments":[],"parameters":[{"name":"actionCounter","value":"15"},{"name":"logText","value":"Element Action [Type] successfully performed. With the following test data [Omar]."}],"start":1629302708987,"stop":1629302708987},{"name":"Element Action [Type] successfully performed. With the following test data [Senger].","status":"passed","stage":"finished","steps":[],"attachments":[],"parameters":[{"name":"actionCounter","value":"16"},{"name":"logText","value":"Element Action [Type] successfully performed. With the following test data [Senger]."}],"start":1629302709863,"stop":1629302709863},{"name":"Element Action [Type] successfully performed. With the following test data [1234].","status":"passed","stage":"finished","steps":[],"attachments":[],"parameters":[{"name":"actionCounter","value":"17"},{"name":"logText","value":"Element Action [Type] successfully performed. With the following test data [1234]."}],"start":1629302710817,"stop":1629302710817},{"name":"Element Action [Type] successfully performed. With the following test data [omarsenger@yahoo.com].","status":"passed","stage":"finished","steps":[],"attachments":[],"parameters":[{"name":"actionCounter","value":"18"},{"name":"logText","value":"Element Action [Type] successfully performed. With the following test data [omarsenger@yahoo.com]."}],"start":1629302711719,"stop":1629302711719},{"name":"Element Action [Type] successfully performed. With the following test data [123456789].","status":"passed","stage":"finished","steps":[],"attachments":[],"parameters":[{"name":"actionCounter","value":"19"},{"name":"logText","value":"Element Action [Type] successfully performed. With the following test data [123456789]."}],"start":1629302712562,"stop":1629302712562},{"name":"Element Action [Click] successfully performed. With the following test data [Customer].","status":"passed","stage":"finished","steps":[],"attachments":[],"parameters":[{"name":"actionCounter","value":"20"},{"name":"logText","value":"Element Action [Click] successfully performed. With the following test data [Customer]."}],"start":1629302714074,"stop":1629302714075},{"name":"Element Action [Click] successfully performed. With the following test data [Agent].","status":"passed","stage":"finished","steps":[],"attachments":[],"parameters":[{"name":"actionCounter","value":"21"},{"name":"logText","value":"Element Action [Click] successfully performed. With the following test data [Agent]."}],"start":1629302715395,"stop":1629302715395},{"name":"Element Action [Click] successfully performed. With the following test data [Signup].","status":"passed","stage":"finished","steps":[],"attachments":[],"parameters":[{"name":"actionCounter","value":"22"},{"name":"logText","value":"Element Action [Click] successfully performed. With the following test data [Signup]."}],"start":1629302717808,"stop":1629302717808},{"name":"Element Action [GetText] successfully performed. With the following test data [Signup successfull please login.].","status":"passed","stage":"finished","steps":[],"attachments":[],"parameters":[{"name":"actionCounter","value":"23"},{"name":"logText","value":"Element Action [GetText] successfully performed. With the following test data [Signup successfull please login.]."}],"start":1629302718486,"stop":1629302718487},{"name":"Assertion [ValidateEquals] FAILED. Expected [Signup successfull please login.] and Actual [Wrong Phone Number ex : 01234567890]. Comparison Type [EQUALS]. Validation Type [POSITIVE].","status":"passed","stage":"finished","steps":[],"attachments":[],"parameters":[{"name":"actionCounter","value":"24"},{"name":"logText","value":"Assertion [ValidateEquals] FAILED. Expected [Signup successfull please login.] and Actual [Wrong Phone Number ex : 01234567890]. Comparison Type [EQUALS]. Validation Type [POSITIVE]."},{"name":"attachments","value":"null"}],"start":1629302718489,"stop":1629302718490}],"attachments":[{"name":"Attachment: Animated Gif - wrongPhoneNo","source":"f307d796-04a3-4685-a9d5-32b2261128b2-attachment.gif","type":"image/gif"},{"name":"Attachment: SHAFT Engine Logs - Current Method log: wrongPhoneNo","source":"47586251-2589-414b-acaf-57ef8205f517-attachment.txt","type":"text/plain"}],"parameters":[],"start":1629302707888,"stop":1629302718513,"uuid":"6702a2bb-61ee-4ae9-8fc5-3cd4a2789311","historyId":"bbb98db3fec26433efa004469a7014ef","fullName":"SignUpTest.SignUpTest.wrongPhoneNo","labels":[{"name":"package","value":"SignUpTest.SignUpTest"},{"name":"testClass","value":"SignUpTest.SignUpTest"},{"name":"testMethod","value":"wrongPhoneNo"},{"name":"parentSuite","value":"SHAFT: Custom Suite"},{"name":"suite","value":"SHAFT: Custom Test"},{"name":"subSuite","value":"SignUpTest.SignUpTest"},{"name":"host","value":"OmarSenger"},{"name":"thread","value":"23316@OmarSenger.main(1)"},{"name":"framework","value":"testng"},{"name":"language","value":"java"}],"links":[]}