{"name":"limitPassword","status":"failed","statusDetails":{"known":false,"muted":false,"flaky":false,"message":"Assertion [ValidateEquals] FAILED. Expected [Signup successfull please login.] and Actual [password should be at least 8 characters with capital letter and small letter]. Comparison Type [EQUALS]. Validation Type [POSITIVE].","trace":"java.lang.AssertionError: Assertion [ValidateEquals] FAILED. Expected [Signup successfull please login.] and Actual [password should be at least 8 characters with capital letter and small letter]. Comparison Type [EQUALS]. Validation Type [POSITIVE].\r\n\tat org.testng.Assert.fail(Assert.java:99)\r\n\tat com.shaft.validation.ValidationHelper.reportValidationState(ValidationHelper.java:797)\r\n\tat com.shaft.validation.ValidationHelper.fail(ValidationHelper.java:557)\r\n\tat com.shaft.validation.ValidationHelper.validateEquals(ValidationHelper.java:66)\r\n\tat com.shaft.validation.Assertions.assertEquals(Assertions.java:38)\r\n\tat SignUpTest.SignUpTest.limitPassword(SignUpTest.java:42)\r\n\tat java.base/jdk.internal.reflect.NativeMethodAccessorImpl.invoke0(Native Method)\r\n\tat java.base/jdk.internal.reflect.NativeMethodAccessorImpl.invoke(NativeMethodAccessorImpl.java:64)\r\n\tat java.base/jdk.internal.reflect.DelegatingMethodAccessorImpl.invoke(DelegatingMethodAccessorImpl.java:43)\r\n\tat java.base/java.lang.reflect.Method.invoke(Method.java:564)\r\n\tat org.testng.internal.MethodInvocationHelper.invokeMethod(MethodInvocationHelper.java:133)\r\n\tat org.testng.internal.TestInvoker.invokeMethod(TestInvoker.java:598)\r\n\tat org.testng.internal.TestInvoker.invokeTestMethod(TestInvoker.java:173)\r\n\tat org.testng.internal.MethodRunner.runInSequence(MethodRunner.java:46)\r\n\tat org.testng.internal.TestInvoker$MethodInvocationAgent.invoke(TestInvoker.java:824)\r\n\tat org.testng.internal.TestInvoker.invokeTestMethods(TestInvoker.java:146)\r\n\tat org.testng.internal.TestMethodWorker.invokeTestMethods(TestMethodWorker.java:146)\r\n\tat org.testng.internal.TestMethodWorker.run(TestMethodWorker.java:128)\r\n\tat java.base/java.util.ArrayList.forEach(ArrayList.java:1511)\r\n\tat org.testng.TestRunner.privateRun(TestRunner.java:794)\r\n\tat org.testng.TestRunner.run(TestRunner.java:596)\r\n\tat org.testng.SuiteRunner.runTest(SuiteRunner.java:377)\r\n\tat org.testng.SuiteRunner.runSequentially(SuiteRunner.java:371)\r\n\tat org.testng.SuiteRunner.privateRun(SuiteRunner.java:332)\r\n\tat org.testng.SuiteRunner.run(SuiteRunner.java:276)\r\n\tat org.testng.SuiteRunnerWorker.runSuite(SuiteRunnerWorker.java:53)\r\n\tat org.testng.SuiteRunnerWorker.run(SuiteRunnerWorker.java:96)\r\n\tat org.testng.TestNG.runSuitesSequentially(TestNG.java:1212)\r\n\tat org.testng.TestNG.runSuitesLocally(TestNG.java:1134)\r\n\tat org.testng.TestNG.runSuites(TestNG.java:1063)\r\n\tat org.testng.TestNG.run(TestNG.java:1031)\r\n\tat org.testng.remote.AbstractRemoteTestNG.run(AbstractRemoteTestNG.java:115)\r\n\tat org.testng.remote.RemoteTestNG.initAndRun(RemoteTestNG.java:251)\r\n\tat org.testng.remote.RemoteTestNG.main(RemoteTestNG.java:77)\r\n"},"stage":"finished","steps":[{"name":"Browser Action [NavigateToURL] successfully performed. With the following test data [https://www.phptravels.net/signup].","status":"passed","stage":"finished","steps":[],"attachments":[],"parameters":[{"name":"actionCounter","value":"25"},{"name":"logText","value":"Browser Action [NavigateToURL] successfully performed. With the following test data [https://www.phptravels.net/signup]."},{"name":"attachments","value":"[null]"}],"start":1629302720171,"stop":1629302720172},{"name":"Element Action [Type] successfully performed. With the following test data [Omar].","status":"passed","stage":"finished","steps":[],"attachments":[],"parameters":[{"name":"actionCounter","value":"26"},{"name":"logText","value":"Element Action [Type] successfully performed. With the following test data [Omar]."}],"start":1629302720997,"stop":1629302720998},{"name":"Element Action [Type] successfully performed. With the following test data [Senger].","status":"passed","stage":"finished","steps":[],"attachments":[],"parameters":[{"name":"actionCounter","value":"27"},{"name":"logText","value":"Element Action [Type] successfully performed. With the following test data [Senger]."}],"start":1629302721898,"stop":1629302721899},{"name":"Element Action [Type] successfully performed. With the following test data [01568938890].","status":"passed","stage":"finished","steps":[],"attachments":[],"parameters":[{"name":"actionCounter","value":"28"},{"name":"logText","value":"Element Action [Type] successfully performed. With the following test data [01568938890]."}],"start":1629302722765,"stop":1629302722766},{"name":"Element Action [Type] successfully performed. With the following test data [omarsenger2@yahoo.com].","status":"passed","stage":"finished","steps":[],"attachments":[],"parameters":[{"name":"actionCounter","value":"29"},{"name":"logText","value":"Element Action [Type] successfully performed. With the following test data [omarsenger2@yahoo.com]."}],"start":1629302723612,"stop":1629302723612},{"name":"Element Action [Type] successfully performed. With the following test data [1234].","status":"passed","stage":"finished","steps":[],"attachments":[],"parameters":[{"name":"actionCounter","value":"30"},{"name":"logText","value":"Element Action [Type] successfully performed. With the following test data [1234]."}],"start":1629302724456,"stop":1629302724457},{"name":"Element Action [Click] successfully performed. With the following test data [Customer].","status":"passed","stage":"finished","steps":[],"attachments":[],"parameters":[{"name":"actionCounter","value":"31"},{"name":"logText","value":"Element Action [Click] successfully performed. With the following test data [Customer]."}],"start":1629302725921,"stop":1629302725922},{"name":"Element Action [Click] successfully performed. With the following test data [Agent].","status":"passed","stage":"finished","steps":[],"attachments":[],"parameters":[{"name":"actionCounter","value":"32"},{"name":"logText","value":"Element Action [Click] successfully performed. With the following test data [Agent]."}],"start":1629302727256,"stop":1629302727257},{"name":"Element Action [Click] successfully performed. With the following test data [Signup].","status":"passed","stage":"finished","steps":[],"attachments":[],"parameters":[{"name":"actionCounter","value":"33"},{"name":"logText","value":"Element Action [Click] successfully performed. With the following test data [Signup]."}],"start":1629302729564,"stop":1629302729564},{"name":"Element Action [GetText] successfully performed. With the following test data [Signup successfull please login.].","status":"passed","stage":"finished","steps":[],"attachments":[],"parameters":[{"name":"actionCounter","value":"34"},{"name":"logText","value":"Element Action [GetText] successfully performed. With the following test data [Signup successfull please login.]."}],"start":1629302730223,"stop":1629302730223},{"name":"Assertion [ValidateEquals] FAILED. Expected [Signup successfull please login.] and Actual [password should be at least 8 characters with capital letter and small letter]. Comparison Type [EQUALS]. Validation Type [POSITIVE].","status":"passed","stage":"finished","steps":[],"attachments":[],"parameters":[{"name":"actionCounter","value":"35"},{"name":"logText","value":"Assertion [ValidateEquals] FAILED. Expected [Signup successfull please login.] and Actual [password should be at least 8 characters with capital letter and small letter]. Comparison Type [EQUALS]. Validation Type [POSITIVE]."},{"name":"attachments","value":"null"}],"start":1629302730223,"stop":1629302730224}],"attachments":[{"name":"Attachment: Animated Gif - limitPassword","source":"b5b53627-69cc-4fad-b86b-c1f20b028d17-attachment.gif","type":"image/gif"},{"name":"Attachment: SHAFT Engine Logs - Current Method log: limitPassword","source":"442aa99e-b8e7-4b4c-b8d8-6445015ab44e-attachment.txt","type":"text/plain"}],"parameters":[],"start":1629302718525,"stop":1629302730236,"uuid":"78ada0e5-eccb-45f0-b381-708447f6aa40","historyId":"1c6e891a6d2755435b3a94afa511baae","fullName":"SignUpTest.SignUpTest.limitPassword","labels":[{"name":"package","value":"SignUpTest.SignUpTest"},{"name":"testClass","value":"SignUpTest.SignUpTest"},{"name":"testMethod","value":"limitPassword"},{"name":"parentSuite","value":"SHAFT: Custom Suite"},{"name":"suite","value":"SHAFT: Custom Test"},{"name":"subSuite","value":"SignUpTest.SignUpTest"},{"name":"host","value":"OmarSenger"},{"name":"thread","value":"23316@OmarSenger.main(1)"},{"name":"framework","value":"testng"},{"name":"language","value":"java"}],"links":[]}