{"name":"wrongEmailFormat","status":"failed","statusDetails":{"known":false,"muted":false,"flaky":false,"message":"Assertion [ValidateEquals] FAILED. Expected [Signup successfull please login.] and Actual [Wrong Email Formation]. Comparison Type [EQUALS]. Validation Type [POSITIVE].","trace":"java.lang.AssertionError: Assertion [ValidateEquals] FAILED. Expected [Signup successfull please login.] and Actual [Wrong Email Formation]. Comparison Type [EQUALS]. Validation Type [POSITIVE].\r\n\tat org.testng.Assert.fail(Assert.java:99)\r\n\tat com.shaft.validation.ValidationHelper.reportValidationState(ValidationHelper.java:797)\r\n\tat com.shaft.validation.ValidationHelper.fail(ValidationHelper.java:557)\r\n\tat com.shaft.validation.ValidationHelper.validateEquals(ValidationHelper.java:66)\r\n\tat com.shaft.validation.Assertions.assertEquals(Assertions.java:38)\r\n\tat SignUpTest.SignUpTest.wrongEmailFormat(SignUpTest.java:51)\r\n\tat java.base/jdk.internal.reflect.NativeMethodAccessorImpl.invoke0(Native Method)\r\n\tat java.base/jdk.internal.reflect.NativeMethodAccessorImpl.invoke(NativeMethodAccessorImpl.java:64)\r\n\tat java.base/jdk.internal.reflect.DelegatingMethodAccessorImpl.invoke(DelegatingMethodAccessorImpl.java:43)\r\n\tat java.base/java.lang.reflect.Method.invoke(Method.java:564)\r\n\tat org.testng.internal.MethodInvocationHelper.invokeMethod(MethodInvocationHelper.java:133)\r\n\tat org.testng.internal.TestInvoker.invokeMethod(TestInvoker.java:598)\r\n\tat org.testng.internal.TestInvoker.invokeTestMethod(TestInvoker.java:173)\r\n\tat org.testng.internal.MethodRunner.runInSequence(MethodRunner.java:46)\r\n\tat org.testng.internal.TestInvoker$MethodInvocationAgent.invoke(TestInvoker.java:824)\r\n\tat org.testng.internal.TestInvoker.invokeTestMethods(TestInvoker.java:146)\r\n\tat org.testng.internal.TestMethodWorker.invokeTestMethods(TestMethodWorker.java:146)\r\n\tat org.testng.internal.TestMethodWorker.run(TestMethodWorker.java:128)\r\n\tat java.base/java.util.ArrayList.forEach(ArrayList.java:1511)\r\n\tat org.testng.TestRunner.privateRun(TestRunner.java:794)\r\n\tat org.testng.TestRunner.run(TestRunner.java:596)\r\n\tat org.testng.SuiteRunner.runTest(SuiteRunner.java:377)\r\n\tat org.testng.SuiteRunner.runSequentially(SuiteRunner.java:371)\r\n\tat org.testng.SuiteRunner.privateRun(SuiteRunner.java:332)\r\n\tat org.testng.SuiteRunner.run(SuiteRunner.java:276)\r\n\tat org.testng.SuiteRunnerWorker.runSuite(SuiteRunnerWorker.java:53)\r\n\tat org.testng.SuiteRunnerWorker.run(SuiteRunnerWorker.java:96)\r\n\tat org.testng.TestNG.runSuitesSequentially(TestNG.java:1212)\r\n\tat org.testng.TestNG.runSuitesLocally(TestNG.java:1134)\r\n\tat org.testng.TestNG.runSuites(TestNG.java:1063)\r\n\tat org.testng.TestNG.run(TestNG.java:1031)\r\n\tat org.testng.remote.AbstractRemoteTestNG.run(AbstractRemoteTestNG.java:115)\r\n\tat org.testng.remote.RemoteTestNG.initAndRun(RemoteTestNG.java:251)\r\n\tat org.testng.remote.RemoteTestNG.main(RemoteTestNG.java:77)\r\n"},"stage":"finished","steps":[{"name":"Browser Action [NavigateToURL] successfully performed. With the following test data [https://www.phptravels.net/signup].","status":"passed","stage":"finished","steps":[],"attachments":[],"parameters":[{"name":"actionCounter","value":"36"},{"name":"logText","value":"Browser Action [NavigateToURL] successfully performed. With the following test data [https://www.phptravels.net/signup]."},{"name":"attachments","value":"[null]"}],"start":1629302731826,"stop":1629302731827},{"name":"Element Action [Type] successfully performed. With the following test data [Omar].","status":"passed","stage":"finished","steps":[],"attachments":[],"parameters":[{"name":"actionCounter","value":"37"},{"name":"logText","value":"Element Action [Type] successfully performed. With the following test data [Omar]."}],"start":1629302732655,"stop":1629302732655},{"name":"Element Action [Type] successfully performed. With the following test data [Senger].","status":"passed","stage":"finished","steps":[],"attachments":[],"parameters":[{"name":"actionCounter","value":"38"},{"name":"logText","value":"Element Action [Type] successfully performed. With the following test data [Senger]."}],"start":1629302733509,"stop":1629302733510},{"name":"Element Action [Type] successfully performed. With the following test data [01068938890].","status":"passed","stage":"finished","steps":[],"attachments":[],"parameters":[{"name":"actionCounter","value":"39"},{"name":"logText","value":"Element Action [Type] successfully performed. With the following test data [01068938890]."}],"start":1629302734338,"stop":1629302734338},{"name":"Element Action [Type] successfully performed. With the following test data [zzz].","status":"passed","stage":"finished","steps":[],"attachments":[],"parameters":[{"name":"actionCounter","value":"40"},{"name":"logText","value":"Element Action [Type] successfully performed. With the following test data [zzz]."}],"start":1629302735154,"stop":1629302735155},{"name":"Element Action [Type] successfully performed. With the following test data [123456789].","status":"passed","stage":"finished","steps":[],"attachments":[],"parameters":[{"name":"actionCounter","value":"41"},{"name":"logText","value":"Element Action [Type] successfully performed. With the following test data [123456789]."}],"start":1629302735966,"stop":1629302735966},{"name":"Element Action [Click] successfully performed. With the following test data [Customer].","status":"passed","stage":"finished","steps":[],"attachments":[],"parameters":[{"name":"actionCounter","value":"42"},{"name":"logText","value":"Element Action [Click] successfully performed. With the following test data [Customer]."}],"start":1629302737515,"stop":1629302737515},{"name":"Element Action [Click] successfully performed. With the following test data [Agent].","status":"passed","stage":"finished","steps":[],"attachments":[],"parameters":[{"name":"actionCounter","value":"43"},{"name":"logText","value":"Element Action [Click] successfully performed. With the following test data [Agent]."}],"start":1629302738831,"stop":1629302738831},{"name":"Element Action [Click] successfully performed. With the following test data [Signup].","status":"passed","stage":"finished","steps":[],"attachments":[],"parameters":[{"name":"actionCounter","value":"44"},{"name":"logText","value":"Element Action [Click] successfully performed. With the following test data [Signup]."}],"start":1629302741117,"stop":1629302741117},{"name":"Element Action [GetText] successfully performed. With the following test data [Signup successfull please login.].","status":"passed","stage":"finished","steps":[],"attachments":[],"parameters":[{"name":"actionCounter","value":"45"},{"name":"logText","value":"Element Action [GetText] successfully performed. With the following test data [Signup successfull please login.]."}],"start":1629302741736,"stop":1629302741736},{"name":"Assertion [ValidateEquals] FAILED. Expected [Signup successfull please login.] and Actual [Wrong Email Formation]. Comparison Type [EQUALS]. Validation Type [POSITIVE].","status":"passed","stage":"finished","steps":[],"attachments":[],"parameters":[{"name":"actionCounter","value":"46"},{"name":"logText","value":"Assertion [ValidateEquals] FAILED. Expected [Signup successfull please login.] and Actual [Wrong Email Formation]. Comparison Type [EQUALS]. Validation Type [POSITIVE]."},{"name":"attachments","value":"null"}],"start":1629302741737,"stop":1629302741737}],"attachments":[{"name":"Attachment: Animated Gif - wrongEmailFormat","source":"fbdffe0e-4f67-4e44-bb35-874ded300cdb-attachment.gif","type":"image/gif"},{"name":"Attachment: SHAFT Engine Logs - Current Method log: wrongEmailFormat","source":"b9164fdd-16c1-421f-bbc4-0d43b7dfa7a0-attachment.txt","type":"text/plain"}],"parameters":[],"start":1629302730246,"stop":1629302741747,"uuid":"842df621-87a7-456b-82b3-bbcae1334cb9","historyId":"ffe57de6275db5970198d37bbe9c8eca","fullName":"SignUpTest.SignUpTest.wrongEmailFormat","labels":[{"name":"package","value":"SignUpTest.SignUpTest"},{"name":"testClass","value":"SignUpTest.SignUpTest"},{"name":"testMethod","value":"wrongEmailFormat"},{"name":"parentSuite","value":"SHAFT: Custom Suite"},{"name":"suite","value":"SHAFT: Custom Test"},{"name":"subSuite","value":"SignUpTest.SignUpTest"},{"name":"host","value":"OmarSenger"},{"name":"thread","value":"23316@OmarSenger.main(1)"},{"name":"framework","value":"testng"},{"name":"language","value":"java"}],"links":[]}